<?xml version="1.0" encoding="UTF-8"?>
<testsuites name="FS User" time="54" tests="2" failures="0" errors="0">
   <testsuite name="FS User" tests="2" failures="0" errors="0" time="54" timestamp="2019-09-24 16:08:21" hostname="irayuni.napitupulu - DIVINE.moonlay.jakarta" id="Test Suites/FS User">
      <properties>
         <property name="deviceName" value=""/>
         <property name="devicePlatform" value=""/>
         <property name="logFolder" value="C:\\Users\\irayuni.napitululu\\Katalon Studio\\Mission Astra\\Reports\\FS User\\20190924_160813"/>
         <property name="logFiles" value="C:\\Users\\irayuni.napitululu\\Katalon Studio\\Mission Astra\\Reports\\FS User\\20190924_160813\\execution0.log"/>
         <property name="attachments" value=""/>
         <property name="hostName" value="irayuni.napitupulu - DIVINE.moonlay.jakarta"/>
         <property name="os" value="Windows 10 64bit"/>
         <property name="katalonVersion" value="5.10.1.1"/>
         <property name="browser" value="Chrome 76.0.3809.132"/>
         <property name="hostAddress" value="11.11.3.11"/>
         <property name="sessionId" value="f9d3066257fe6411b7b6d7ed38fc6314"/>
         <property name="seleniumVersion" value="3.7.1"/>
         <property name="proxyInformation" value="ProxyInformation{proxyOption=NO_PROXY, proxyServerType=HTTP, password=, proxyServerAddress=, proxyServerPort=0}"/>
         <property name="platform" value="Windows 10"/>
      </properties>
      <testcase name="Test Cases/FS/Search User" classname="Test Cases/FS/Search User" status="PASSED">
         <system-out><![CDATA[2019-09-24 16:08:21 - [TEST_CASE][PASSED] - Test Cases/FS/Search User: Test Cases/FS/Search User

2019-09-24 16:08:22 - [TEST_STEP][PASSED] - openBrowser(""): Browser is opened with url: ''

2019-09-24 16:08:23 - [MESSAGE][INFO] - Starting 'Chrome' driver

2019-09-24 16:08:23 - [MESSAGE][INFO] - Action delay is set to 0 seconds

2019-09-24 16:08:27 - [MESSAGE][PASSED] - Browser is opened with url: ''

2019-09-24 16:08:27 - [TEST_STEP][PASSED] - navigateToUrl("https://astra-ai-fs-admin.azurewebsites.net/#/track-fs-position"): Navigate to 'https://astra-ai-fs-admin.azurewebsites.net/#/track-fs-position' successfully

2019-09-24 16:08:44 - [MESSAGE][PASSED] - Navigate to 'https://astra-ai-fs-admin.azurewebsites.net/#/track-fs-position' successfully

2019-09-24 16:08:44 - [TEST_STEP][PASSED] - click(findTestObject("Page_User FS/a_User Management")): Object: 'Object Repository/Page_User FS/a_User Management' is clicked on

2019-09-24 16:08:44 - [MESSAGE][PASSED] - Object: 'Object Repository/Page_User FS/a_User Management' is clicked on

2019-09-24 16:08:44 - [TEST_STEP][PASSED] - click(findTestObject("Page_User FS/a_User")): Object: 'Object Repository/Page_User FS/a_User' is clicked on

2019-09-24 16:08:44 - [MESSAGE][PASSED] - Object: 'Object Repository/Page_User FS/a_User' is clicked on

2019-09-24 16:08:44 - [TEST_STEP][PASSED] - delay(5): Delayed 5 second(s)

2019-09-24 16:08:49 - [MESSAGE][PASSED] - Delayed 5 second(s)

2019-09-24 16:08:49 - [TEST_STEP][PASSED] - setText(findTestObject("Page_User FS/input_Search by Email_col-md-9"), "sbodionl0337@ai.astra.co.id"): Text 'sbodionl0337@ai.astra.co.id' is set on object 'Object Repository/Page_User FS/input_Search by Email_col-md-9'

2019-09-24 16:08:49 - [MESSAGE][PASSED] - Text 'sbodionl0337@ai.astra.co.id' is set on object 'Object Repository/Page_User FS/input_Search by Email_col-md-9'

2019-09-24 16:08:49 - [TEST_STEP][PASSED] - click(findTestObject("Page_User FS/button_Search")): Object: 'Object Repository/Page_User FS/button_Search' is clicked on

2019-09-24 16:08:49 - [MESSAGE][PASSED] - Object: 'Object Repository/Page_User FS/button_Search' is clicked on

2019-09-24 16:08:49 - [TEST_STEP][PASSED] - if (verifyElementPresent(findTestObject("Page_User FS/td_sbodionl0337ai.astra.co.id"), 10)): Success

2019-09-24 16:08:49 - [MESSAGE][PASSED] - Object 'Object Repository/Page_User FS/td_sbodionl0337ai.astra.co.id' is present

2019-09-24 16:08:49 - [TEST_STEP][PASSED] - markPassed("Success"): Success

2019-09-24 16:08:49 - [MESSAGE][PASSED] - Success]]></system-out>
         <system-err><![CDATA[]]></system-err>
      </testcase>
      <testcase name="Test Cases/FS/Clear Search User" classname="Test Cases/FS/Clear Search User" status="PASSED">
         <system-out><![CDATA[2019-09-24 16:08:49 - [TEST_CASE][PASSED] - Test Cases/FS/Clear Search User: Test Cases/FS/Clear Search User

2019-09-24 16:08:50 - [TEST_STEP][PASSED] - openBrowser(""): Browser is opened with url: ''

2019-09-24 16:08:50 - [MESSAGE][WARNING] - A browser is already opened. Closing browser and opening a new one

2019-09-24 16:08:51 - [MESSAGE][INFO] - Starting 'Chrome' driver

2019-09-24 16:08:55 - [MESSAGE][PASSED] - Browser is opened with url: ''

2019-09-24 16:08:55 - [TEST_STEP][PASSED] - navigateToUrl("https://astra-ai-fs-admin.azurewebsites.net/"): Navigate to 'https://astra-ai-fs-admin.azurewebsites.net/' successfully

2019-09-24 16:09:07 - [MESSAGE][PASSED] - Navigate to 'https://astra-ai-fs-admin.azurewebsites.net/' successfully

2019-09-24 16:09:07 - [TEST_STEP][PASSED] - click(findTestObject("Page_Clear Search FS/a_User Management")): Object: 'Object Repository/Page_Clear Search FS/a_User Management' is clicked on

2019-09-24 16:09:07 - [MESSAGE][PASSED] - Object: 'Object Repository/Page_Clear Search FS/a_User Management' is clicked on

2019-09-24 16:09:07 - [TEST_STEP][PASSED] - click(findTestObject("Page_Clear Search FS/a_User")): Object: 'Object Repository/Page_Clear Search FS/a_User' is clicked on

2019-09-24 16:09:07 - [MESSAGE][PASSED] - Object: 'Object Repository/Page_Clear Search FS/a_User' is clicked on

2019-09-24 16:09:07 - [TEST_STEP][PASSED] - waitForElementNotVisible(findTestObject("Page_Clear Search FS/td_sbobesti0328ai.astra.co.id"), 5, STOP_ON_FAILURE): Object 'Object Repository/Page_Clear Search FS/td_sbobesti0328ai.astra.co.id' is visible after 5 second(s)

2019-09-24 16:09:13 - [MESSAGE][WARNING] - Object 'Object Repository/Page_Clear Search FS/td_sbobesti0328ai.astra.co.id' is visible after 5 second(s)

2019-09-24 16:09:13 - [TEST_STEP][PASSED] - click(findTestObject("Page_Clear Search FS/td_sbobesti0328ai.astra.co.id")): Object: 'Object Repository/Page_Clear Search FS/td_sbobesti0328ai.astra.co.id' is clicked on

2019-09-24 16:09:13 - [MESSAGE][PASSED] - Object: 'Object Repository/Page_Clear Search FS/td_sbobesti0328ai.astra.co.id' is clicked on

2019-09-24 16:09:13 - [TEST_STEP][PASSED] - setText(findTestObject("Page_Clear Search FS/input_Search by Email_col-md-9"), "sbobesti0328@ai.astra.co.id"): Text 'sbobesti0328@ai.astra.co.id' is set on object 'Object Repository/Page_Clear Search FS/input_Search by Email_col-md-9'

2019-09-24 16:09:14 - [MESSAGE][PASSED] - Text 'sbobesti0328@ai.astra.co.id' is set on object 'Object Repository/Page_Clear Search FS/input_Search by Email_col-md-9'

2019-09-24 16:09:14 - [TEST_STEP][PASSED] - click(findTestObject("Page_Clear Search FS/button_Search")): Object: 'Object Repository/Page_Clear Search FS/button_Search' is clicked on

2019-09-24 16:09:14 - [MESSAGE][PASSED] - Object: 'Object Repository/Page_Clear Search FS/button_Search' is clicked on

2019-09-24 16:09:14 - [TEST_STEP][PASSED] - if (verifyElementPresent(findTestObject("Page_Clear Search FS/td_sbobesti0328ai.astra.co.id"), 5)): Clear User Succsess

2019-09-24 16:09:14 - [MESSAGE][PASSED] - Object 'Object Repository/Page_Clear Search FS/td_sbobesti0328ai.astra.co.id' is present

2019-09-24 16:09:14 - [TEST_STEP][PASSED] - markPassed("Clear User Succsess"): Clear User Succsess

2019-09-24 16:09:14 - [MESSAGE][PASSED] - Clear User Succsess

2019-09-24 16:09:14 - [TEST_STEP][PASSED] - if (verifyElementPresent(findTestObject("Page_Clear Search FS/button_Clear"), 10)): null

2019-09-24 16:09:14 - [MESSAGE][PASSED] - Object 'Object Repository/Page_Clear Search FS/button_Clear' is present

2019-09-24 16:09:14 - [TEST_STEP][PASSED] - if (verifyElementClickable(findTestObject("Page_Clear Search FS/button_Clear"))): Success

2019-09-24 16:09:14 - [MESSAGE][PASSED] - Object 'Object Repository/Page_Clear Search FS/button_Clear' is clickable

2019-09-24 16:09:14 - [TEST_STEP][PASSED] - click(findTestObject("Page_Clear Search FS/button_Clear")): Object: 'Object Repository/Page_Clear Search FS/button_Clear' is clicked on

2019-09-24 16:09:14 - [MESSAGE][PASSED] - Object: 'Object Repository/Page_Clear Search FS/button_Clear' is clicked on

2019-09-24 16:09:14 - [TEST_STEP][PASSED] - markPassed("Clear User Succsess"): Clear User Succsess

2019-09-24 16:09:14 - [MESSAGE][PASSED] - Clear User Succsess

2019-09-24 16:09:14 - [TEST_STEP][PASSED] - countData = Action.getCountElementInTableByTag("tbody"): null

2019-09-24 16:09:14 - [TEST_STEP][PASSED] - if (countData > 1): Success

2019-09-24 16:09:14 - [TEST_STEP][PASSED] - markPassed("Success"): Success

2019-09-24 16:09:14 - [MESSAGE][PASSED] - Success]]></system-out>
         <system-err><![CDATA[]]></system-err>
      </testcase>
      <system-out><![CDATA[2019-09-24 16:08:21 - [TEST_SUITE][PASSED] - FS User: Test Cases/FS/Clear Search User]]></system-out>
      <system-err><![CDATA[]]></system-err>
   </testsuite>
</testsuites>
